nohup: ignoring input
[1;33mЗапуск Binance Futures ATR Monitor (WebSocket)[0m
[0;32mПроверка зависимостей...[0m
Requirement already satisfied: numpy>=1.22.0 in /usr/local/lib/python3.11/dist-packages (from -r app/requirements.txt (line 1)) (2.2.5)
Requirement already satisfied: pandas>=1.4.0 in /usr/local/lib/python3.11/dist-packages (from -r app/requirements.txt (line 2)) (2.2.3)
Requirement already satisfied: fastapi==0.95.1 in /usr/local/lib/python3.11/dist-packages (from -r app/requirements.txt (line 3)) (0.95.1)
Requirement already satisfied: uvicorn==0.22.0 in /usr/local/lib/python3.11/dist-packages (from -r app/requirements.txt (line 4)) (0.22.0)
Requirement already satisfied: streamlit==1.22.0 in /usr/local/lib/python3.11/dist-packages (from -r app/requirements.txt (line 5)) (1.22.0)
Requirement already satisfied: python-binance==1.0.17 in /usr/local/lib/python3.11/dist-packages (from -r app/requirements.txt (line 6)) (1.0.17)
Requirement already satisfied: requests==2.30.0 in /usr/local/lib/python3.11/dist-packages (from -r app/requirements.txt (line 7)) (2.30.0)
Requirement already satisfied: asyncio==3.4.3 in /usr/local/lib/python3.11/dist-packages (from -r app/requirements.txt (line 8)) (3.4.3)
Requirement already satisfied: aiohttp==3.8.4 in /usr/local/lib/python3.11/dist-packages (from -r app/requirements.txt (line 9)) (3.8.4)
Requirement already satisfied: python-dotenv==1.0.0 in /usr/local/lib/python3.11/dist-packages (from -r app/requirements.txt (line 10)) (1.0.0)
Requirement already satisfied: websockets==10.4 in /usr/local/lib/python3.11/dist-packages (from -r app/requirements.txt (line 11)) (10.4)
Requirement already satisfied: pydantic!=1.7,!=1.7.1,!=1.7.2,!=1.7.3,!=1.8,!=1.8.1,<2.0.0,>=1.6.2 in /usr/local/lib/python3.11/dist-packages (from fastapi==0.95.1->-r app/requirements.txt (line 3)) (1.10.22)
Requirement already satisfied: starlette<0.27.0,>=0.26.1 in /usr/local/lib/python3.11/dist-packages (from fastapi==0.95.1->-r app/requirements.txt (line 3)) (0.26.1)
Requirement already satisfied: click>=7.0 in /usr/local/lib/python3.11/dist-packages (from uvicorn==0.22.0->-r app/requirements.txt (line 4)) (8.1.8)
Requirement already satisfied: h11>=0.8 in /usr/local/lib/python3.11/dist-packages (from uvicorn==0.22.0->-r app/requirements.txt (line 4)) (0.16.0)
Requirement already satisfied: pyarrow>=4.0 in /usr/local/lib/python3.11/dist-packages (from streamlit==1.22.0->-r app/requirements.txt (line 5)) (20.0.0)
Requirement already satisfied: blinker>=1.0.0 in /usr/local/lib/python3.11/dist-packages (from streamlit==1.22.0->-r app/requirements.txt (line 5)) (1.9.0)
Requirement already satisfied: tornado>=6.0.3 in /usr/local/lib/python3.11/dist-packages (from streamlit==1.22.0->-r app/requirements.txt (line 5)) (6.5)
Requirement already satisfied: pillow>=6.2.0 in /usr/local/lib/python3.11/dist-packages (from streamlit==1.22.0->-r app/requirements.txt (line 5)) (11.2.1)
Requirement already satisfied: tzlocal>=1.1 in /usr/local/lib/python3.11/dist-packages (from streamlit==1.22.0->-r app/requirements.txt (line 5)) (5.3.1)
Requirement already satisfied: typing-extensions>=3.10.0.0 in /usr/local/lib/python3.11/dist-packages (from streamlit==1.22.0->-r app/requirements.txt (line 5)) (4.13.2)
Requirement already satisfied: validators>=0.2 in /usr/local/lib/python3.11/dist-packages (from streamlit==1.22.0->-r app/requirements.txt (line 5)) (0.35.0)
Requirement already satisfied: rich>=10.11.0 in /usr/local/lib/python3.11/dist-packages (from streamlit==1.22.0->-r app/requirements.txt (line 5)) (14.0.0)
Requirement already satisfied: python-dateutil in /usr/local/lib/python3.11/dist-packages (from streamlit==1.22.0->-r app/requirements.txt (line 5)) (2.9.0.post0)
Requirement already satisfied: protobuf<4,>=3.12 in /usr/local/lib/python3.11/dist-packages (from streamlit==1.22.0->-r app/requirements.txt (line 5)) (3.20.3)
Requirement already satisfied: pydeck>=0.1.dev5 in /usr/local/lib/python3.11/dist-packages (from streamlit==1.22.0->-r app/requirements.txt (line 5)) (0.9.1)
Requirement already satisfied: importlib-metadata>=1.4 in /usr/local/lib/python3.11/dist-packages (from streamlit==1.22.0->-r app/requirements.txt (line 5)) (8.7.0)
Requirement already satisfied: altair<5,>=3.2.0 in /usr/local/lib/python3.11/dist-packages (from streamlit==1.22.0->-r app/requirements.txt (line 5)) (4.2.2)
Requirement already satisfied: pympler>=0.9 in /usr/local/lib/python3.11/dist-packages (from streamlit==1.22.0->-r app/requirements.txt (line 5)) (1.1)
Requirement already satisfied: watchdog in /usr/local/lib/python3.11/dist-packages (from streamlit==1.22.0->-r app/requirements.txt (line 5)) (6.0.0)
Requirement already satisfied: cachetools>=4.0 in /usr/local/lib/python3.11/dist-packages (from streamlit==1.22.0->-r app/requirements.txt (line 5)) (5.5.2)
Requirement already satisfied: packaging>=14.1 in /usr/local/lib/python3.11/dist-packages (from streamlit==1.22.0->-r app/requirements.txt (line 5)) (25.0)
Requirement already satisfied: tenacity<9,>=8.0.0 in /usr/local/lib/python3.11/dist-packages (from streamlit==1.22.0->-r app/requirements.txt (line 5)) (8.5.0)
Requirement already satisfied: toml in /usr/local/lib/python3.11/dist-packages (from streamlit==1.22.0->-r app/requirements.txt (line 5)) (0.10.2)
Requirement already satisfied: gitpython!=3.1.19 in /usr/local/lib/python3.11/dist-packages (from streamlit==1.22.0->-r app/requirements.txt (line 5)) (3.1.44)
Requirement already satisfied: pycryptodome in /usr/local/lib/python3.11/dist-packages (from python-binance==1.0.17->-r app/requirements.txt (line 6)) (3.23.0)
Requirement already satisfied: six in /usr/local/lib/python3.11/dist-packages (from python-binance==1.0.17->-r app/requirements.txt (line 6)) (1.17.0)
Requirement already satisfied: dateparser in /usr/local/lib/python3.11/dist-packages (from python-binance==1.0.17->-r app/requirements.txt (line 6)) (1.2.1)
Requirement already satisfied: ujson in /usr/local/lib/python3.11/dist-packages (from python-binance==1.0.17->-r app/requirements.txt (line 6)) (5.10.0)
Requirement already satisfied: idna<4,>=2.5 in /usr/local/lib/python3.11/dist-packages (from requests==2.30.0->-r app/requirements.txt (line 7)) (3.10)
Requirement already satisfied: certifi>=2017.4.17 in /usr/local/lib/python3.11/dist-packages (from requests==2.30.0->-r app/requirements.txt (line 7)) (2025.4.26)
Requirement already satisfied: urllib3<3,>=1.21.1 in /usr/local/lib/python3.11/dist-packages (from requests==2.30.0->-r app/requirements.txt (line 7)) (2.4.0)
Requirement already satisfied: charset-normalizer<4,>=2 in /usr/local/lib/python3.11/dist-packages (from requests==2.30.0->-r app/requirements.txt (line 7)) (3.4.2)
Requirement already satisfied: aiosignal>=1.1.2 in /usr/local/lib/python3.11/dist-packages (from aiohttp==3.8.4->-r app/requirements.txt (line 9)) (1.3.2)
Requirement already satisfied: frozenlist>=1.1.1 in /usr/local/lib/python3.11/dist-packages (from aiohttp==3.8.4->-r app/requirements.txt (line 9)) (1.6.0)
Requirement already satisfied: yarl<2.0,>=1.0 in /usr/local/lib/python3.11/dist-packages (from aiohttp==3.8.4->-r app/requirements.txt (line 9)) (1.20.0)
Requirement already satisfied: async-timeout<5.0,>=4.0.0a3 in /usr/local/lib/python3.11/dist-packages (from aiohttp==3.8.4->-r app/requirements.txt (line 9)) (4.0.3)
Requirement already satisfied: multidict<7.0,>=4.5 in /usr/local/lib/python3.11/dist-packages (from aiohttp==3.8.4->-r app/requirements.txt (line 9)) (6.4.3)
Requirement already satisfied: attrs>=17.3.0 in /usr/local/lib/python3.11/dist-packages (from aiohttp==3.8.4->-r app/requirements.txt (line 9)) (25.3.0)
Requirement already satisfied: tzdata>=2022.7 in /usr/local/lib/python3.11/dist-packages (from pandas>=1.4.0->-r app/requirements.txt (line 2)) (2025.2)
Requirement already satisfied: pytz>=2020.1 in /usr/local/lib/python3.11/dist-packages (from pandas>=1.4.0->-r app/requirements.txt (line 2)) (2025.2)
Requirement already satisfied: jsonschema>=3.0 in /usr/local/lib/python3.11/dist-packages (from altair<5,>=3.2.0->streamlit==1.22.0->-r app/requirements.txt (line 5)) (4.23.0)
Requirement already satisfied: toolz in /usr/local/lib/python3.11/dist-packages (from altair<5,>=3.2.0->streamlit==1.22.0->-r app/requirements.txt (line 5)) (1.0.0)
Requirement already satisfied: entrypoints in /usr/local/lib/python3.11/dist-packages (from altair<5,>=3.2.0->streamlit==1.22.0->-r app/requirements.txt (line 5)) (0.4)
Requirement already satisfied: jinja2 in /usr/local/lib/python3.11/dist-packages (from altair<5,>=3.2.0->streamlit==1.22.0->-r app/requirements.txt (line 5)) (3.1.6)
Requirement already satisfied: gitdb<5,>=4.0.1 in /usr/local/lib/python3.11/dist-packages (from gitpython!=3.1.19->streamlit==1.22.0->-r app/requirements.txt (line 5)) (4.0.12)
Requirement already satisfied: zipp>=3.20 in /usr/local/lib/python3.11/dist-packages (from importlib-metadata>=1.4->streamlit==1.22.0->-r app/requirements.txt (line 5)) (3.21.0)
Requirement already satisfied: markdown-it-py>=2.2.0 in /usr/local/lib/python3.11/dist-packages (from rich>=10.11.0->streamlit==1.22.0->-r app/requirements.txt (line 5)) (3.0.0)
Requirement already satisfied: pygments<3.0.0,>=2.13.0 in /usr/local/lib/python3.11/dist-packages (from rich>=10.11.0->streamlit==1.22.0->-r app/requirements.txt (line 5)) (2.19.1)
Requirement already satisfied: anyio<5,>=3.4.0 in /usr/local/lib/python3.11/dist-packages (from starlette<0.27.0,>=0.26.1->fastapi==0.95.1->-r app/requirements.txt (line 3)) (4.9.0)
Requirement already satisfied: propcache>=0.2.1 in /usr/local/lib/python3.11/dist-packages (from yarl<2.0,>=1.0->aiohttp==3.8.4->-r app/requirements.txt (line 9)) (0.3.1)
Requirement already satisfied: regex!=2019.02.19,!=2021.8.27,>=2015.06.24 in /usr/local/lib/python3.11/dist-packages (from dateparser->python-binance==1.0.17->-r app/requirements.txt (line 6)) (2024.11.6)
Requirement already satisfied: sniffio>=1.1 in /usr/local/lib/python3.11/dist-packages (from anyio<5,>=3.4.0->starlette<0.27.0,>=0.26.1->fastapi==0.95.1->-r app/requirements.txt (line 3)) (1.3.1)
Requirement already satisfied: smmap<6,>=3.0.1 in /usr/local/lib/python3.11/dist-packages (from gitdb<5,>=4.0.1->gitpython!=3.1.19->streamlit==1.22.0->-r app/requirements.txt (line 5)) (5.0.2)
Requirement already satisfied: MarkupSafe>=2.0 in /usr/local/lib/python3.11/dist-packages (from jinja2->altair<5,>=3.2.0->streamlit==1.22.0->-r app/requirements.txt (line 5)) (3.0.2)
Requirement already satisfied: referencing>=0.28.4 in /usr/local/lib/python3.11/dist-packages (from jsonschema>=3.0->altair<5,>=3.2.0->streamlit==1.22.0->-r app/requirements.txt (line 5)) (0.36.2)
Requirement already satisfied: jsonschema-specifications>=2023.03.6 in /usr/local/lib/python3.11/dist-packages (from jsonschema>=3.0->altair<5,>=3.2.0->streamlit==1.22.0->-r app/requirements.txt (line 5)) (2025.4.1)
Requirement already satisfied: rpds-py>=0.7.1 in /usr/local/lib/python3.11/dist-packages (from jsonschema>=3.0->altair<5,>=3.2.0->streamlit==1.22.0->-r app/requirements.txt (line 5)) (0.25.0)
Requirement already satisfied: mdurl~=0.1 in /usr/local/lib/python3.11/dist-packages (from markdown-it-py>=2.2.0->rich>=10.11.0->streamlit==1.22.0->-r app/requirements.txt (line 5)) (0.1.2)
[0;32mЗапуск FastAPI сервера на порту 8008...[0m
[1;33mОжидание запуска сервера...[0m
INFO:     Started server process [2550]
INFO:     Waiting for application startup.
[2025-05-18 08:01:29] Connected to Binance WebSocket
[2025-05-18 08:01:29] Connected to Binance WebSocket
INFO:     Application startup complete.
INFO:     Uvicorn running on http://0.0.0.0:8008 (Press CTRL+C to quit)
[0;32mЗапуск Streamlit интерфейса на порту 8005...[0m

Collecting usage statistics. To deactivate, set browser.gatherUsageStats to False.


  You can now view your Streamlit app in your browser.

  Network URL: http://169.254.0.21:8005
  External URL: http://35.171.153.168:8005


  A new version of Streamlit is available.

  See what's new at https://discuss.streamlit.io/c/announcements

  Enter the following command to upgrade:
  $ pip install streamlit --upgrade

